<?xml version="1.0" encoding="UTF-8"?>
<robot generator="Robot 4.1.3 (Python 3.10.2 on win32)" generated="20220214 10:34:21.744" rpa="false" schemaversion="2">
<suite id="s1" name="Verifysignup" source="C:\Users\parve\PycharmProjects\robotframe_work\login_suite\verifysignup.robot">
<test id="s1-t1" name="TC2">
<kw name="Open Browser" library="SeleniumLibrary">
<arg>browser=edge</arg>
<arg>executable_path=${EXECDIR}/driver/msedgedriver</arg>
<doc>Opens a new browser instance to the optional ``url``.</doc>
<msg timestamp="20220214 10:34:22.214" level="INFO">Opening browser 'edge' to base url 'None'.</msg>
<status status="PASS" starttime="20220214 10:34:22.198" endtime="20220214 10:34:26.475"/>
</kw>
<kw name="Maximize Browser Window" library="SeleniumLibrary">
<doc>Maximizes current browser window.</doc>
<status status="PASS" starttime="20220214 10:34:26.481" endtime="20220214 10:34:26.724"/>
</kw>
<kw name="Set Selenium Implicit Wait" library="SeleniumLibrary">
<arg>30s</arg>
<doc>Sets the implicit wait value used by Selenium.</doc>
<status status="PASS" starttime="20220214 10:34:26.728" endtime="20220214 10:34:26.737"/>
</kw>
<kw name="Go To" library="SeleniumLibrary">
<arg>url=https://mailchimp.com/</arg>
<doc>Navigates the current browser window to the provided ``url``.</doc>
<msg timestamp="20220214 10:34:26.740" level="INFO">Opening url 'https://mailchimp.com/'</msg>
<status status="PASS" starttime="20220214 10:34:26.739" endtime="20220214 10:34:51.957"/>
</kw>
<kw name="Click Element" library="SeleniumLibrary">
<arg>xpath=//*[@id="2FenEYhNGgc1nXLlZum9pB"]/div/div/div/div/div[2]/a</arg>
<doc>Click the element identified by ``locator``.</doc>
<msg timestamp="20220214 10:34:51.965" level="INFO">Clicking element 'xpath=//*[@id="2FenEYhNGgc1nXLlZum9pB"]/div/div/div/div/div[2]/a'.</msg>
<status status="PASS" starttime="20220214 10:34:51.957" endtime="20220214 10:34:52.535"/>
</kw>
<kw name="Click Element" library="SeleniumLibrary">
<arg>xpath=//*[@id="1RkqxGS13w5goqvKDNqUFa"]/div/div/nav/a[1]</arg>
<doc>Click the element identified by ``locator``.</doc>
<msg timestamp="20220214 10:34:52.535" level="INFO">Clicking element 'xpath=//*[@id="1RkqxGS13w5goqvKDNqUFa"]/div/div/nav/a[1]'.</msg>
<status status="PASS" starttime="20220214 10:34:52.535" endtime="20220214 10:34:54.173"/>
</kw>
<kw name="Click Element" library="SeleniumLibrary">
<arg>xpath=//*[@id="1RkqxGS13w5goqvKDNqUFa"]/div/div/nav/a[2]</arg>
<doc>Click the element identified by ``locator``.</doc>
<msg timestamp="20220214 10:34:54.195" level="INFO">Clicking element 'xpath=//*[@id="1RkqxGS13w5goqvKDNqUFa"]/div/div/nav/a[2]'.</msg>
<status status="PASS" starttime="20220214 10:34:54.193" endtime="20220214 10:35:16.292"/>
</kw>
<kw name="Click Element" library="SeleniumLibrary">
<arg>xpath=//*[@id="1RkqxGS13w5goqvKDNqUFa"]/div/div/nav/a[3]</arg>
<doc>Click the element identified by ``locator``.</doc>
<msg timestamp="20220214 10:35:16.292" level="INFO">Clicking element 'xpath=//*[@id="1RkqxGS13w5goqvKDNqUFa"]/div/div/nav/a[3]'.</msg>
<status status="PASS" starttime="20220214 10:35:16.292" endtime="20220214 10:35:16.516"/>
</kw>
<kw name="Close Browser" library="SeleniumLibrary">
<doc>Closes the current browser.</doc>
<status status="PASS" starttime="20220214 10:35:16.516" endtime="20220214 10:35:19.022"/>
</kw>
<status status="PASS" starttime="20220214 10:34:22.198" endtime="20220214 10:35:19.022"/>
</test>
<status status="PASS" starttime="20220214 10:34:21.744" endtime="20220214 10:35:19.022"/>
</suite>
<statistics>
<total>
<stat pass="1" fail="0" skip="0">All Tests</stat>
</total>
<tag>
</tag>
<suite>
<stat pass="1" fail="0" skip="0" id="s1" name="Verifysignup">Verifysignup</stat>
</suite>
</statistics>
<errors>
</errors>
</robot>
